{
  "RSpec": {
    "coverage": {
      "/Users/nickdyer/projects/instagram/config/environment.rb": [
        null,
        1,
        null,
        null,
        1
      ],
      "/Users/nickdyer/projects/instagram/config/application.rb": [
        1,
        null,
        null,
        1,
        1,
        1,
        1,
        1,
        1,
        null,
        null,
        null,
        null,
        1,
        null,
        1,
        1,
        null,
        null,
        null,
        null,
        null,
        null,
        null,
        null,
        null,
        null,
        null,
        null,
        null
      ],
      "/Users/nickdyer/projects/instagram/config/boot.rb": [
        null,
        1,
        null,
        1
      ],
      "/Users/nickdyer/projects/instagram/config/environments/test.rb": [
        1,
        null,
        null,
        null,
        null,
        null,
        null,
        1,
        null,
        null,
        null,
        null,
        1,
        null,
        null,
        1,
        1,
        null,
        null,
        1,
        1,
        null,
        null,
        1,
        null,
        null,
        1,
        null,
        null,
        null,
        null,
        1,
        null,
        null,
        1,
        null,
        null,
        null,
        null
      ],
      "/Users/nickdyer/projects/instagram/config/initializers/assets.rb": [
        null,
        null,
        null,
        1,
        null,
        null,
        null,
        null
      ],
      "/Users/nickdyer/projects/instagram/config/initializers/backtrace_silencers.rb": [
        null,
        null,
        null,
        null,
        null,
        null,
        null
      ],
      "/Users/nickdyer/projects/instagram/config/initializers/cookies_serializer.rb": [
        null,
        null,
        1
      ],
      "/Users/nickdyer/projects/instagram/config/initializers/devise.rb": [
        null,
        null,
        1,
        null,
        null,
        null,
        null,
        null,
        null,
        null,
        null,
        null,
        1,
        null,
        null,
        null,
        null,
        null,
        null,
        null,
        null,
        1,
        null,
        null,
        null,
        null,
        null,
        null,
        null,
        null,
        null,
        null,
        null,
        null,
        null,
        null,
        null,
        null,
        null,
        null,
        null,
        null,
        null,
        1,
        null,
        null,
        null,
        null,
        1,
        null,
        null,
        null,
        null,
        null,
        null,
        null,
        null,
        null,
        null,
        null,
        null,
        null,
        null,
        null,
        null,
        null,
        null,
        null,
        null,
        null,
        null,
        null,
        null,
        null,
        null,
        null,
        null,
        null,
        null,
        1,
        null,
        null,
        null,
        null,
        null,
        null,
        null,
        null,
        null,
        null,
        null,
        null,
        null,
        null,
        null,
        null,
        1,
        null,
        null,
        null,
        null,
        null,
        null,
        null,
        null,
        null,
        null,
        null,
        null,
        null,
        null,
        null,
        null,
        null,
        null,
        null,
        null,
        null,
        null,
        null,
        null,
        1,
        null,
        null,
        null,
        null,
        null,
        null,
        null,
        null,
        null,
        1,
        null,
        null,
        null,
        null,
        null,
        null,
        null,
        null,
        null,
        null,
        1,
        null,
        null,
        null,
        null,
        null,
        null,
        null,
        null,
        null,
        null,
        null,
        null,
        null,
        null,
        null,
        null,
        null,
        null,
        null,
        null,
        null,
        null,
        null,
        null,
        null,
        null,
        null,
        null,
        null,
        null,
        null,
        null,
        null,
        null,
        null,
        null,
        null,
        null,
        null,
        null,
        null,
        null,
        null,
        null,
        null,
        null,
        null,
        null,
        1,
        null,
        null,
        null,
        null,
        null,
        null,
        null,
        null,
        null,
        null,
        null,
        null,
        null,
        null,
        null,
        null,
        null,
        null,
        null,
        null,
        null,
        null,
        null,
        null,
        null,
        null,
        null,
        null,
        null,
        null,
        null,
        null,
        null,
        null,
        null,
        null,
        null,
        1,
        null,
        null,
        null,
        null,
        null,
        null,
        null,
        null,
        null,
        null,
        null,
        null,
        null,
        null,
        null,
        null,
        null,
        null,
        null,
        null,
        null,
        null,
        null,
        null,
        null,
        null,
        null,
        null,
        null
      ],
      "/Users/nickdyer/projects/instagram/config/initializers/filter_parameter_logging.rb": [
        null,
        null,
        null,
        1
      ],
      "/Users/nickdyer/projects/instagram/config/initializers/inflections.rb": [
        null,
        null,
        null,
        null,
        null,
        null,
        null,
        null,
        null,
        null,
        null,
        null,
        null,
        null,
        null,
        null
      ],
      "/Users/nickdyer/projects/instagram/config/initializers/mime_types.rb": [
        null,
        null,
        null,
        null
      ],
      "/Users/nickdyer/projects/instagram/config/initializers/session_store.rb": [
        null,
        null,
        1
      ],
      "/Users/nickdyer/projects/instagram/config/initializers/wrap_parameters.rb": [
        null,
        null,
        null,
        null,
        null,
        null,
        1,
        1,
        null,
        null,
        null,
        null,
        null,
        null
      ],
      "/Users/nickdyer/projects/instagram/config/routes.rb": [
        1,
        1,
        null,
        null,
        null,
        null,
        null,
        1,
        null,
        null,
        null,
        null,
        null,
        null,
        null,
        null,
        null,
        null,
        1,
        1,
        1,
        null,
        null,
        null,
        null,
        null,
        null,
        null,
        null,
        null,
        null,
        null,
        null,
        null,
        null,
        null,
        null,
        null,
        null,
        null,
        null,
        null,
        null,
        null,
        null,
        null,
        null,
        null,
        null,
        null,
        null,
        null,
        null,
        null,
        null,
        null,
        null,
        null,
        null,
        null,
        null,
        null
      ],
      "/Users/nickdyer/projects/instagram/app/models/user.rb": [
        1,
        null,
        null,
        1,
        null,
        1,
        1,
        null
      ],
      "/Users/nickdyer/projects/instagram/app/helpers/application_helper.rb": [
        1,
        null
      ],
      "/Users/nickdyer/projects/instagram/app/helpers/comments_helper.rb": [
        1,
        null
      ],
      "/Users/nickdyer/projects/instagram/app/helpers/likes_helper.rb": [
        1,
        null
      ],
      "/Users/nickdyer/projects/instagram/app/helpers/posts_helper.rb": [
        1,
        null
      ],
      "/Users/nickdyer/projects/instagram/app/controllers/posts_controller.rb": [
        1,
        null,
        1,
        null,
        1,
        301,
        301,
        null,
        null,
        1,
        3,
        null,
        null,
        1,
        19,
        null,
        null,
        1,
        19,
        19,
        19,
        19,
        null,
        null,
        1,
        2,
        null,
        null,
        1,
        2,
        2,
        1,
        1,
        null,
        1,
        1,
        null,
        null,
        null,
        1,
        3,
        3,
        1,
        1,
        null,
        2,
        2,
        2,
        null,
        null,
        null,
        1,
        20,
        null,
        null
      ],
      "/Users/nickdyer/projects/instagram/app/controllers/application_controller.rb": [
        1,
        null,
        null,
        1,
        null
      ],
      "/Users/nickdyer/projects/instagram/app/models/post.rb": [
        1,
        1,
        null,
        null,
        1,
        null,
        1,
        1,
        1,
        null
      ],
      "/Users/nickdyer/projects/instagram/app/models/like.rb": [
        1,
        1,
        null
      ],
      "/Users/nickdyer/projects/instagram/app/models/comment.rb": [
        1,
        1,
        1,
        null
      ],
      "/Users/nickdyer/projects/instagram/app/controllers/comments_controller.rb": [
        1,
        null,
        1,
        null,
        1,
        3,
        3,
        null,
        null,
        1,
        3,
        3,
        3,
        3,
        3,
        null,
        null,
        1,
        3,
        null,
        null,
        null
      ],
      "/Users/nickdyer/projects/instagram/app/controllers/likes_controller.rb": [
        1,
        null,
        1,
        4,
        4,
        4,
        null,
        null,
        null
      ]
    },
    "timestamp": 1422954604
  }
}
